This is pdfTeX, Version 3.1415926-2.5-1.40.14 (TeX Live 2013) (format=pdflatex 2014.6.17)  17 JUN 2014 20:04
entering extended mode
 restricted \write18 enabled.
 file:line:error style messages enabled.
 %&-line parsing enabled.
**main.tex
(./main.tex
LaTeX2e <2011/06/27>
Babel <3.9f> and hyphenation patterns for 78 languages loaded.
(./IEEEtran.cls
Document Class: IEEEtran 2012/11/21 V1.8c by Harald Hanche-Olsen and Anders Chr
istensen
-- Based on V1.7a by Michael Shell
-- See the "IEEEtran_HOWTO" manual for usage information.
-- http://www.michaelshell.org/tex/ieeetran/
\@IEEEtrantmpdimenA=\dimen102
\@IEEEtrantmpdimenB=\dimen103
\@IEEEtrantmpcountA=\count79
\@IEEEtrantmpcountB=\count80
\@IEEEtrantmptoksA=\toks14
LaTeX Font Info:    Try loading font information for OT1+ptm on input line 373.

(/usr/local/texlive/2013/texmf-dist/tex/latex/psnfss/ot1ptm.fd
File: ot1ptm.fd 2001/06/04 font definitions for OT1/ptm.
)
-- Using 8.5in x 11in (letter) paper.
-- Using PDF output.
\@IEEEnormalsizeunitybaselineskip=\dimen104
-- This is a 10 point document.
\CLASSINFOnormalsizebaselineskip=\dimen105
\CLASSINFOnormalsizeunitybaselineskip=\dimen106
\IEEEnormaljot=\dimen107
LaTeX Font Info:    Font shape `OT1/ptm/bx/n' in size <5> not available
(Font)              Font shape `OT1/ptm/b/n' tried instead on input line 731.
LaTeX Font Info:    Font shape `OT1/ptm/bx/it' in size <5> not available
(Font)              Font shape `OT1/ptm/b/it' tried instead on input line 731.
LaTeX Font Info:    Font shape `OT1/ptm/bx/n' in size <7> not available
(Font)              Font shape `OT1/ptm/b/n' tried instead on input line 731.
LaTeX Font Info:    Font shape `OT1/ptm/bx/it' in size <7> not available
(Font)              Font shape `OT1/ptm/b/it' tried instead on input line 731.
LaTeX Font Info:    Font shape `OT1/ptm/bx/n' in size <8> not available
(Font)              Font shape `OT1/ptm/b/n' tried instead on input line 731.
LaTeX Font Info:    Font shape `OT1/ptm/bx/it' in size <8> not available
(Font)              Font shape `OT1/ptm/b/it' tried instead on input line 731.
LaTeX Font Info:    Font shape `OT1/ptm/bx/n' in size <9> not available
(Font)              Font shape `OT1/ptm/b/n' tried instead on input line 731.
LaTeX Font Info:    Font shape `OT1/ptm/bx/it' in size <9> not available
(Font)              Font shape `OT1/ptm/b/it' tried instead on input line 731.
LaTeX Font Info:    Font shape `OT1/ptm/bx/n' in size <10> not available
(Font)              Font shape `OT1/ptm/b/n' tried instead on input line 731.
LaTeX Font Info:    Font shape `OT1/ptm/bx/it' in size <10> not available
(Font)              Font shape `OT1/ptm/b/it' tried instead on input line 731.
LaTeX Font Info:    Font shape `OT1/ptm/bx/n' in size <11> not available
(Font)              Font shape `OT1/ptm/b/n' tried instead on input line 731.
LaTeX Font Info:    Font shape `OT1/ptm/bx/it' in size <11> not available
(Font)              Font shape `OT1/ptm/b/it' tried instead on input line 731.
LaTeX Font Info:    Font shape `OT1/ptm/bx/n' in size <12> not available
(Font)              Font shape `OT1/ptm/b/n' tried instead on input line 731.
LaTeX Font Info:    Font shape `OT1/ptm/bx/it' in size <12> not available
(Font)              Font shape `OT1/ptm/b/it' tried instead on input line 731.
LaTeX Font Info:    Font shape `OT1/ptm/bx/n' in size <17> not available
(Font)              Font shape `OT1/ptm/b/n' tried instead on input line 731.
LaTeX Font Info:    Font shape `OT1/ptm/bx/it' in size <17> not available
(Font)              Font shape `OT1/ptm/b/it' tried instead on input line 731.
LaTeX Font Info:    Font shape `OT1/ptm/bx/n' in size <20> not available
(Font)              Font shape `OT1/ptm/b/n' tried instead on input line 731.
LaTeX Font Info:    Font shape `OT1/ptm/bx/it' in size <20> not available
(Font)              Font shape `OT1/ptm/b/it' tried instead on input line 731.
LaTeX Font Info:    Font shape `OT1/ptm/bx/n' in size <24> not available
(Font)              Font shape `OT1/ptm/b/n' tried instead on input line 731.
LaTeX Font Info:    Font shape `OT1/ptm/bx/it' in size <24> not available
(Font)              Font shape `OT1/ptm/b/it' tried instead on input line 731.
\IEEEilabelindentA=\dimen108
\IEEEilabelindentB=\dimen109
\IEEEilabelindent=\dimen110
\IEEEelabelindent=\dimen111
\IEEEdlabelindent=\dimen112
\IEEElabelindent=\dimen113
\IEEEiednormlabelsep=\dimen114
\IEEEiedmathlabelsep=\dimen115
\IEEEiedtopsep=\skip41
\c@section=\count81
\c@subsection=\count82
\c@subsubsection=\count83
\c@paragraph=\count84
\c@IEEEsubequation=\count85
\abovecaptionskip=\skip42
\belowcaptionskip=\skip43
\c@figure=\count86
\c@table=\count87
\@IEEEeqnnumcols=\count88
\@IEEEeqncolcnt=\count89
\@IEEEtmpitemindent=\dimen116
\c@IEEEbiography=\count90
\@IEEEtranrubishbin=\box26
) (/usr/local/texlive/2013/texmf-dist/tex/latex/psnfss/times.sty
Package: times 2005/04/12 PSNFSS-v9.2a (SPQR) 
)
(/usr/local/texlive/2013/texmf-dist/tex/latex/amsfonts/amssymb.sty
Package: amssymb 2013/01/14 v3.01 AMS font symbols

(/usr/local/texlive/2013/texmf-dist/tex/latex/amsfonts/amsfonts.sty
Package: amsfonts 2013/01/14 v3.01 Basic AMSFonts support
\@emptytoks=\toks15
\symAMSa=\mathgroup4
\symAMSb=\mathgroup5
LaTeX Font Info:    Overwriting math alphabet `\mathfrak' in version `bold'
(Font)                  U/euf/m/n --> U/euf/b/n on input line 106.
))
(/usr/local/texlive/2013/texmf-dist/tex/latex/graphics/epsfig.sty
Package: epsfig 1999/02/16 v1.7a (e)psfig emulation (SPQR)

(/usr/local/texlive/2013/texmf-dist/tex/latex/graphics/graphicx.sty
Package: graphicx 1999/02/16 v1.0f Enhanced LaTeX Graphics (DPC,SPQR)

(/usr/local/texlive/2013/texmf-dist/tex/latex/graphics/keyval.sty
Package: keyval 1999/03/16 v1.13 key=value parser (DPC)
\KV@toks@=\toks16
)
(/usr/local/texlive/2013/texmf-dist/tex/latex/graphics/graphics.sty
Package: graphics 2009/02/05 v1.0o Standard LaTeX Graphics (DPC,SPQR)

(/usr/local/texlive/2013/texmf-dist/tex/latex/graphics/trig.sty
Package: trig 1999/03/16 v1.09 sin cos tan (DPC)
)
(/usr/local/texlive/2013/texmf-dist/tex/latex/latexconfig/graphics.cfg
File: graphics.cfg 2010/04/23 v1.9 graphics configuration of TeX Live
)
Package graphics Info: Driver file: pdftex.def on input line 91.

(/usr/local/texlive/2013/texmf-dist/tex/latex/pdftex-def/pdftex.def
File: pdftex.def 2011/05/27 v0.06d Graphics/color for pdfTeX

(/usr/local/texlive/2013/texmf-dist/tex/generic/oberdiek/infwarerr.sty
Package: infwarerr 2010/04/08 v1.3 Providing info/warning/error messages (HO)
)
(/usr/local/texlive/2013/texmf-dist/tex/generic/oberdiek/ltxcmds.sty
Package: ltxcmds 2011/11/09 v1.22 LaTeX kernel commands for general use (HO)
)
\Gread@gobject=\count91
))
\Gin@req@height=\dimen117
\Gin@req@width=\dimen118
)
\epsfxsize=\dimen119
\epsfysize=\dimen120
)
(/usr/local/texlive/2013/texmf-dist/tex/latex/subfigure/subfigure.sty
Package: subfigure 2002/03/15 v2.1.5 subfigure package
\subfigtopskip=\skip44
\subfigcapskip=\skip45
\subfigcaptopadj=\dimen121
\subfigbottomskip=\skip46
\subfigcapmargin=\dimen122
\subfiglabelskip=\skip47
\c@subfigure=\count92
\c@lofdepth=\count93
\c@subtable=\count94
\c@lotdepth=\count95

****************************************
* Local config file subfigure.cfg used *
****************************************
(/usr/local/texlive/2013/texmf-dist/tex/latex/subfigure/subfigure.cfg)
\subfig@top=\skip48
\subfig@bottom=\skip49
)
(/usr/local/texlive/2013/texmf-dist/tex/latex/amsmath/amsmath.sty
Package: amsmath 2013/01/14 v2.14 AMS math features
\@mathmargin=\skip50

For additional information on amsmath, use the `?' option.
(/usr/local/texlive/2013/texmf-dist/tex/latex/amsmath/amstext.sty
Package: amstext 2000/06/29 v2.01

(/usr/local/texlive/2013/texmf-dist/tex/latex/amsmath/amsgen.sty
File: amsgen.sty 1999/11/30 v2.0
\@emptytoks=\toks17
\ex@=\dimen123
))
(/usr/local/texlive/2013/texmf-dist/tex/latex/amsmath/amsbsy.sty
Package: amsbsy 1999/11/29 v1.2d
\pmbraise@=\dimen124
)
(/usr/local/texlive/2013/texmf-dist/tex/latex/amsmath/amsopn.sty
Package: amsopn 1999/12/14 v2.01 operator names
)
\inf@bad=\count96
LaTeX Info: Redefining \frac on input line 210.
\uproot@=\count97
\leftroot@=\count98
LaTeX Info: Redefining \overline on input line 306.
\classnum@=\count99
\DOTSCASE@=\count100
LaTeX Info: Redefining \ldots on input line 378.
LaTeX Info: Redefining \dots on input line 381.
LaTeX Info: Redefining \cdots on input line 466.
\Mathstrutbox@=\box27
\strutbox@=\box28
\big@size=\dimen125
LaTeX Font Info:    Redeclaring font encoding OML on input line 566.
LaTeX Font Info:    Redeclaring font encoding OMS on input line 567.
\macc@depth=\count101
\c@MaxMatrixCols=\count102
\dotsspace@=\muskip10
\c@parentequation=\count103
\dspbrk@lvl=\count104
\tag@help=\toks18
\row@=\count105
\column@=\count106
\maxfields@=\count107
\andhelp@=\toks19
\eqnshift@=\dimen126
\alignsep@=\dimen127
\tagshift@=\dimen128
\tagwidth@=\dimen129
\totwidth@=\dimen130
\lineht@=\dimen131
\@envbody=\toks20
\multlinegap=\skip51
\multlinetaggap=\skip52
\mathdisplay@stack=\toks21
LaTeX Info: Redefining \[ on input line 2665.
LaTeX Info: Redefining \] on input line 2666.
)
(/usr/local/texlive/2013/texmf-dist/tex/latex/tools/tabularx.sty
Package: tabularx 1999/01/07 v2.07 `tabularx' package (DPC)

(/usr/local/texlive/2013/texmf-dist/tex/latex/tools/array.sty
Package: array 2008/09/09 v2.4c Tabular extension package (FMi)
\col@sep=\dimen132
\extrarowheight=\dimen133
\NC@list=\toks22
\extratabsurround=\skip53
\backup@length=\skip54
)
\TX@col@width=\dimen134
\TX@old@table=\dimen135
\TX@old@col=\dimen136
\TX@target=\dimen137
\TX@delta=\dimen138
\TX@cols=\count108
\TX@ftn=\toks23
)
(/usr/local/texlive/2013/texmf-dist/tex/latex/url/url.sty
\Urlmuskip=\muskip11
Package: url 2006/04/12  ver 3.3  Verb mode for urls, etc.
)
(/usr/local/texlive/2013/texmf-dist/tex/latex/graphics/color.sty
Package: color 2005/11/14 v1.0j Standard LaTeX Color (DPC)

(/usr/local/texlive/2013/texmf-dist/tex/latex/latexconfig/color.cfg
File: color.cfg 2007/01/18 v1.5 color configuration of teTeX/TeXLive
)
Package color Info: Driver file: pdftex.def on input line 130.
)
(/usr/local/texlive/2013/texmf-dist/tex/latex/preprint/balance.sty
Package: balance 1999/02/23 4.3 (PWD)
\oldvsize=\dimen139
)
(/usr/local/texlive/2013/texmf-dist/tex/latex/oberdiek/epstopdf.sty
Package: epstopdf 2010/02/09 v2.5 Conversion with epstopdf on the fly (HO)

(/usr/local/texlive/2013/texmf-dist/tex/latex/oberdiek/epstopdf-base.sty
Package: epstopdf-base 2010/02/09 v2.5 Base part for package epstopdf

(/usr/local/texlive/2013/texmf-dist/tex/latex/oberdiek/grfext.sty
Package: grfext 2010/08/19 v1.1 Manage graphics extensions (HO)

(/usr/local/texlive/2013/texmf-dist/tex/generic/oberdiek/kvdefinekeys.sty
Package: kvdefinekeys 2011/04/07 v1.3 Define keys (HO)
))
(/usr/local/texlive/2013/texmf-dist/tex/latex/oberdiek/kvoptions.sty
Package: kvoptions 2011/06/30 v3.11 Key value format for package options (HO)

(/usr/local/texlive/2013/texmf-dist/tex/generic/oberdiek/kvsetkeys.sty
Package: kvsetkeys 2012/04/25 v1.16 Key value parser (HO)

(/usr/local/texlive/2013/texmf-dist/tex/generic/oberdiek/etexcmds.sty
Package: etexcmds 2011/02/16 v1.5 Avoid name clashes with e-TeX commands (HO)

(/usr/local/texlive/2013/texmf-dist/tex/generic/oberdiek/ifluatex.sty
Package: ifluatex 2010/03/01 v1.3 Provides the ifluatex switch (HO)
Package ifluatex Info: LuaTeX not detected.
)
Package etexcmds Info: Could not find \expanded.
(etexcmds)             That can mean that you are not using pdfTeX 1.50 or
(etexcmds)             that some package has redefined \expanded.
(etexcmds)             In the latter case, load this package earlier.
)))
(/usr/local/texlive/2013/texmf-dist/tex/generic/oberdiek/pdftexcmds.sty
Package: pdftexcmds 2011/11/29 v0.20 Utility functions of pdfTeX for LuaTeX (HO
)

(/usr/local/texlive/2013/texmf-dist/tex/generic/oberdiek/ifpdf.sty
Package: ifpdf 2011/01/30 v2.3 Provides the ifpdf switch (HO)
Package ifpdf Info: pdfTeX in PDF mode is detected.
)
Package pdftexcmds Info: LuaTeX not detected.
Package pdftexcmds Info: \pdf@primitive is available.
Package pdftexcmds Info: \pdf@ifprimitive is available.
Package pdftexcmds Info: \pdfdraftmode found.
)
Package grfext Info: Graphics extension search list:
(grfext)             [.png,.pdf,.jpg,.mps,.jpeg,.jbig2,.jb2,.PNG,.PDF,.JPG,.JPE
G,.JBIG2,.JB2,.eps]
(grfext)             \AppendGraphicsExtensions on input line 452.

(/usr/local/texlive/2013/texmf-dist/tex/latex/latexconfig/epstopdf-sys.cfg
File: epstopdf-sys.cfg 2010/07/13 v1.3 Configuration of (r)epstopdf for TeX Liv
e
)))
\c@example=\count109
\c@definition=\count110
\c@theorem=\count111

(./main.aux)
\openout1 = `main.aux'.

LaTeX Font Info:    Checking defaults for OML/cmm/m/it on input line 395.
LaTeX Font Info:    ... okay on input line 395.
LaTeX Font Info:    Checking defaults for T1/cmr/m/n on input line 395.
LaTeX Font Info:    ... okay on input line 395.
LaTeX Font Info:    Checking defaults for OT1/cmr/m/n on input line 395.
LaTeX Font Info:    ... okay on input line 395.
LaTeX Font Info:    Checking defaults for OMS/cmsy/m/n on input line 395.
LaTeX Font Info:    ... okay on input line 395.
LaTeX Font Info:    Checking defaults for OMX/cmex/m/n on input line 395.
LaTeX Font Info:    ... okay on input line 395.
LaTeX Font Info:    Checking defaults for U/cmr/m/n on input line 395.
LaTeX Font Info:    ... okay on input line 395.
 (/usr/local/texlive/2013/texmf-dist/tex/context/base/supp-pdf.mkii
[Loading MPS to PDF converter (version 2006.09.02).]
\scratchcounter=\count112
\scratchdimen=\dimen140
\scratchbox=\box29
\nofMPsegments=\count113
\nofMParguments=\count114
\everyMPshowfont=\toks24
\MPscratchCnt=\count115
\MPscratchDim=\dimen141
\MPnumerator=\count116
\makeMPintoPDFobject=\count117
\everyMPtoPDFconversion=\toks25
)
LaTeX Font Info:    Calculating math sizes for size <11> on input line 467.
LaTeX Font Info:    Try loading font information for U+msa on input line 467.
 (/usr/local/texlive/2013/texmf-dist/tex/latex/amsfonts/umsa.fd
File: umsa.fd 2013/01/14 v3.01 AMS symbols A
)
LaTeX Font Info:    Try loading font information for U+msb on input line 467.

(/usr/local/texlive/2013/texmf-dist/tex/latex/amsfonts/umsb.fd
File: umsb.fd 2013/01/14 v3.01 AMS symbols B
) (./approach.tex
\c@Orthogonal=\count118
\c@ProOfOrthogonal=\count119

Overfull \hbox (57.47186pt too wide) detected at line 45
\OML/cmm/m/it/10 Dist\OT1/cmr/m/n/10 (\OML/cmm/m/it/10 x; y\OT1/cmr/m/n/10 )[] 
= [] [][]  = [] [] = \OML/cmm/m/it/10 Dist\OT1/cmr/m/n/10 (\OML/cmm/m/it/10 Wx;
 Wy\OT1/cmr/m/n/10 )[]
 []


LaTeX Warning: Reference `eq:upper-bound' on page 1 undefined on input line 53.



LaTeX Warning: Reference `eq:upper-bound' on page 1 undefined on input line 74.



LaTeX Warning: Reference `eq:upper-bound' on page 1 undefined on input line 76.



LaTeX Warning: Reference `def:3distances' on page 1 undefined on input line 84.


[1{/usr/local/texlive/2013/texmf-var/fonts/map/pdftex/updmap/pdftex.map}


]
Package epstopdf Info: Source file: <dsinbound.eps>
(epstopdf)                    date: 2013-10-05 07:09:54
(epstopdf)                    size: 527286 bytes
(epstopdf)             Output file: <dsinbound-eps-converted-to.pdf>
(epstopdf)                    date: 2013-10-05 07:10:42
(epstopdf)                    size: 82912 bytes
(epstopdf)             Command: <repstopdf --outfile=dsinbound-eps-converted-to
.pdf dsinbound.eps>
(epstopdf)             \includegraphics on input line 120.
Package epstopdf Info: Output file is already uptodate.

<dsinbound-eps-converted-to.pdf, id=25, 460.72125pt x 289.08pt>
File: dsinbound-eps-converted-to.pdf Graphic file (type pdf)

<use dsinbound-eps-converted-to.pdf>
Package pdftex.def Info: dsinbound-eps-converted-to.pdf used on input line 120.

(pdftex.def)             Requested size: 115.18002pt x 72.26982pt.
Package epstopdf Info: Source file: <dcombound.eps>
(epstopdf)                    date: 2013-10-05 07:09:54
(epstopdf)                    size: 525494 bytes
(epstopdf)             Output file: <dcombound-eps-converted-to.pdf>
(epstopdf)                    date: 2013-10-05 07:10:42
(epstopdf)                    size: 82381 bytes
(epstopdf)             Command: <repstopdf --outfile=dcombound-eps-converted-to
.pdf dcombound.eps>
(epstopdf)             \includegraphics on input line 125.
Package epstopdf Info: Output file is already uptodate.

<dcombound-eps-converted-to.pdf, id=26, 460.72125pt x 289.08pt>
File: dcombound-eps-converted-to.pdf Graphic file (type pdf)

<use dcombound-eps-converted-to.pdf>
Package pdftex.def Info: dcombound-eps-converted-to.pdf used on input line 125.

(pdftex.def)             Requested size: 115.18002pt x 72.26982pt.

Underfull \hbox (badness 10000) in paragraph at lines 156--161
[]|\OT1/ptm/m/n/8 For each lo-cal can-di-date time se-ries, $\OML/cmm/m/it/8 S[
]$\OT1/ptm/m/n/8 , com-pute and
 []


Underfull \hbox (badness 10000) in paragraph at lines 156--161
\OT1/ptm/m/n/8 re-turn ($\OML/cmm/m/it/8 Dst[]\OT1/cmr/m/n/8 (\OML/cmm/m/it/8 S
[]; S[]\OT1/cmr/m/n/8 )$ $\OMS/cmsy/m/n/8 8\OML/cmm/m/it/8 S[] \OMS/cmsy/m/n/8 
2 \OML/cmm/m/it/8 Q$\OT1/ptm/m/n/8 , $[][] [][]\OT1/cmr/m/n/8 [\OML/cmm/m/it/8 
n[]\OT1/cmr/m/n/8 ][]$\OT1/ptm/m/n/8 ,
 []


Underfull \hbox (badness 10000) in paragraph at lines 156--161
[][] [][]\OT1/cmr/m/n/8 ([\OML/cmm/m/it/8 n[]\OT1/cmr/m/n/8 ][] \OMS/cmsy/m/n/8
 ^^B \OT1/cmr/m/n/8 2[])$\OT1/ptm/m/n/8 , $[][] [][]\OT1/cmr/m/n/8 ([\OML/cmm/m
/it/8 n[]\OT1/cmr/m/n/8 ][] \OMS/cmsy/m/n/8 ^^B \OT1/cmr/m/n/8 2[])[]$\OT1/ptm/
m/n/8 ) to
 []

LaTeX Font Info:    Try loading font information for OMS+ptm on input line 167.

(/usr/local/texlive/2013/texmf-dist/tex/latex/psnfss/omsptm.fd
File: omsptm.fd 
)
LaTeX Font Info:    Font shape `OMS/ptm/m/n' in size <8> not available
(Font)              Font shape `OMS/cmsy/m/n' tried instead on input line 167.

Underfull \hbox (badness 2707) in paragraph at lines 171--174
[]|\OT1/ptm/m/n/8 Compute and re-turn a 2-tuple ($\OML/cmm/m/it/8 Dst[]\OT1/cmr
/m/n/8 (\OML/cmm/m/it/8 S[]$\OT1/ptm/m/n/8 , $\OML/cmm/m/it/8 S[]\OT1/cmr/m/n/8
 )$ $\OMS/cmsy/m/n/8 8\OML/cmm/m/it/8 S[] \OMS/cmsy/m/n/8 2 \OML/cmm/m/it/8 Q$\
OT1/ptm/m/n/8 ,
 []


Overfull \hbox (3.62782pt too wide) in paragraph at lines 144--187
 [][] 
 []


Underfull \hbox (badness 10000) in paragraph at lines 204--208
[]|\OT1/ptm/m/n/8 Send level $\OML/cmm/m/it/8 L$ \OT1/ptm/m/n/8 co-ef-fi-cients
, $[][] [][]\OT1/cmr/m/n/8 [\OML/cmm/m/it/8 n[]\OT1/cmr/m/n/8 ][]$\OT1/ptm/m/n/
8 ,
 []


Underfull \hbox (badness 6157) in paragraph at lines 204--208
[][] [][]\OT1/cmr/m/n/8 ([\OML/cmm/m/it/8 n[]\OT1/cmr/m/n/8 ][] \OMS/cmsy/m/n/8
 ^^B \OT1/cmr/m/n/8 2[])$\OT1/ptm/m/n/8 , and $[][] [][]\OT1/cmr/m/n/8 ([\OML/c
mm/m/it/8 n[]\OT1/cmr/m/n/8 ][] \OMS/cmsy/m/n/8 ^^B \OT1/cmr/m/n/8 2[])[]$
 []


Overfull \hbox (3.62782pt too wide) in paragraph at lines 194--234
 [][] 
 []


Underfull \hbox (badness 10000) in paragraph at lines 242--245
[]$\OML/cmm/m/it/10 UB[]\OT1/cmr/m/n/10 (\OML/cmm/m/it/10 Q; S[]\OT1/cmr/m/n/10
 )$ \OT1/ptm/m/n/10 is non-increasing and
 []


Underfull \hbox (badness 5847) in paragraph at lines 242--245
\OML/cmm/m/it/10 LB[]\OT1/cmr/m/n/10 (\OML/cmm/m/it/10 Q; S[]\OT1/cmr/m/n/10 )$
 \OT1/ptm/m/n/10 is non-decreasing when the co-ef-fi-cients
 []


Underfull \hbox (badness 4713) in paragraph at lines 247--253
\OT1/ptm/m/n/10 that Eq. [] is non-decreasing and Eq. [] is non-
 []


Underfull \hbox (badness 10000) in paragraph at lines 255--258
[]$\OML/cmm/m/it/10 UB[]\OT1/cmr/m/n/10 (\OML/cmm/m/it/10 Q; S[]\OT1/cmr/m/n/10
 )$ \OT1/ptm/m/n/10 is non-increasing and
 []


Underfull \hbox (badness 6608) in paragraph at lines 255--258
\OML/cmm/m/it/10 LB[]\OT1/cmr/m/n/10 (\OML/cmm/m/it/10 Q; S[]\OT1/cmr/m/n/10 )$
 \OT1/ptm/m/n/10 is non-decreasing when the co-ef-fi-cients
 []


Underfull \hbox (badness 10000) in paragraph at lines 296--299
[]$\OML/cmm/m/it/10 UB[]\OT1/cmr/m/n/10 (\OML/cmm/m/it/10 Q; S[]\OT1/cmr/m/n/10
 )$ \OT1/ptm/m/n/10 is non-increasing and
 []

LaTeX Font Info:    Font shape `OT1/ptm/bx/sc' in size <10> not available
(Font)              Font shape `OT1/ptm/b/sc' tried instead on input line 309.

Underfull \hbox (badness 1838) in paragraph at lines 309--333
[]\OT1/ptm/b/sc/10 MsWave\OT1/ptm/b/n/10 -S: Server com-putes the bounds. \OT1/
ptm/m/n/10 Fig. 2[]
 []

[2 <./dsinbound-eps-converted-to.pdf> <./dcombound-eps-converted-to.pdf>]
[3]) (./main.bbl)

** Conference Paper **
Before submitting the final camera ready copy, remember to:

 1. Manually equalize the lengths of two columns on the last page
 of your paper;

 2. Ensure that any PostScript and/or PDF output post-processing
 uses only Type 1 fonts and that every step in the generation
 process uses the appropriate paper size.

[4

] (./main.aux)

LaTeX Warning: There were undefined references.

 ) 
Here is how much of TeX's memory you used:
 3637 strings out of 493315
 53047 string characters out of 6137904
 132693 words of memory out of 5000000
 6999 multiletter control sequences out of 15000+600000
 50103 words of font info for 109 fonts, out of 8000000 for 9000
 960 hyphenation exceptions out of 8191
 42i,12n,26p,357b,272s stack positions out of 5000i,500n,10000p,200000b,80000s
{/usr/local/texlive/2013/texmf-dist/fonts/enc/dvips/base/8r.enc}</usr/local/t
exlive/2013/texmf-dist/fonts/type1/public/amsfonts/cm/cmex10.pfb></usr/local/te
xlive/2013/texmf-dist/fonts/type1/public/amsfonts/cmextra/cmex8.pfb></usr/local
/texlive/2013/texmf-dist/fonts/type1/public/amsfonts/cmextra/cmex9.pfb></usr/lo
cal/texlive/2013/texmf-dist/fonts/type1/public/amsfonts/cm/cmmi10.pfb></usr/loc
al/texlive/2013/texmf-dist/fonts/type1/public/amsfonts/cm/cmmi6.pfb></usr/local
/texlive/2013/texmf-dist/fonts/type1/public/amsfonts/cm/cmmi7.pfb></usr/local/t
exlive/2013/texmf-dist/fonts/type1/public/amsfonts/cm/cmmi8.pfb></usr/local/tex
live/2013/texmf-dist/fonts/type1/public/amsfonts/cm/cmmi9.pfb></usr/local/texli
ve/2013/texmf-dist/fonts/type1/public/amsfonts/cm/cmr10.pfb></usr/local/texlive
/2013/texmf-dist/fonts/type1/public/amsfonts/cm/cmr6.pfb></usr/local/texlive/20
13/texmf-dist/fonts/type1/public/amsfonts/cm/cmr7.pfb></usr/local/texlive/2013/
texmf-dist/fonts/type1/public/amsfonts/cm/cmr8.pfb></usr/local/texlive/2013/tex
mf-dist/fonts/type1/public/amsfonts/cm/cmr9.pfb></usr/local/texlive/2013/texmf-
dist/fonts/type1/public/amsfonts/cm/cmsy10.pfb></usr/local/texlive/2013/texmf-d
ist/fonts/type1/public/amsfonts/cm/cmsy6.pfb></usr/local/texlive/2013/texmf-dis
t/fonts/type1/public/amsfonts/cm/cmsy7.pfb></usr/local/texlive/2013/texmf-dist/
fonts/type1/public/amsfonts/cm/cmsy8.pfb></usr/local/texlive/2013/texmf-dist/fo
nts/type1/public/amsfonts/cm/cmsy9.pfb></usr/local/texlive/2013/texmf-dist/font
s/type1/public/amsfonts/symbols/msam10.pfb></usr/local/texlive/2013/texmf-dist/
fonts/type1/public/amsfonts/symbols/msbm10.pfb></usr/local/texlive/2013/texmf-d
ist/fonts/type1/urw/times/utmb8a.pfb></usr/local/texlive/2013/texmf-dist/fonts/
type1/urw/times/utmr8a.pfb></usr/local/texlive/2013/texmf-dist/fonts/type1/urw/
times/utmri8a.pfb>
Output written on main.pdf (4 pages, 388305 bytes).
PDF statistics:
 209 PDF objects out of 1000 (max. 8388607)
 130 compressed objects within 2 object streams
 0 named destinations out of 1000 (max. 500000)
 11 words of extra memory for PDF output out of 10000 (max. 10000000)

